build/app/intermediates/manifest_merge_blame_file/release/manifest-merger-blame-release-report.txt
1<?xml version="1.0" encoding="utf-8"?>
2<manifest xmlns:android="http://schemas.android.com/apk/res/android"
3    package="com.sparkflows.karkhana_app"
4    android:versionCode="1"
5    android:versionName="1.0.0" >
6
7    <uses-sdk
8        android:minSdkVersion="21"
9        android:targetSdkVersion="34" />
10    <!--
11         Required to query activities that can process text, see:
12         https://developer.android.com/training/package-visibility and
13         https://developer.android.com/reference/android/content/Intent#ACTION_PROCESS_TEXT.
14
15         In particular, this is used by the Flutter engine in io.flutter.plugin.text.ProcessTextPlugin.
16    -->
17    <queries>
17-->src/main/AndroidManifest.xml:39:5-44:15
18        <intent>
18-->src/main/AndroidManifest.xml:40:9-43:18
19            <action android:name="android.intent.action.PROCESS_TEXT" />
19-->src/main/AndroidManifest.xml:41:13-72
19-->src/main/AndroidManifest.xml:41:21-70
20
21            <data android:mimeType="text/plain" />
21-->src/main/AndroidManifest.xml:42:13-50
21-->src/main/AndroidManifest.xml:42:19-48
22        </intent>
23        <intent>
23-->[:file_picker] AndroidManifest.xml:10:9-14:18
24            <action android:name="android.intent.action.GET_CONTENT" />
24-->[:file_picker] AndroidManifest.xml:11:13-72
24-->[:file_picker] AndroidManifest.xml:11:21-69
25
26            <data android:mimeType="*/*" />
26-->src/main/AndroidManifest.xml:42:13-50
26-->src/main/AndroidManifest.xml:42:19-48
27        </intent>
28    </queries>
29
30    <uses-permission android:name="android.permission.READ_EXTERNAL_STORAGE" />
30-->[:file_picker] AndroidManifest.xml:7:5-80
30-->[:file_picker] AndroidManifest.xml:7:22-77
31    <uses-permission android:name="android.permission.ACCESS_COARSE_LOCATION" />
31-->[:location] AndroidManifest.xml:7:5-81
31-->[:location] AndroidManifest.xml:7:22-78
32    <uses-permission android:name="android.permission.ACCESS_FINE_LOCATION" />
32-->[:location] AndroidManifest.xml:8:5-79
32-->[:location] AndroidManifest.xml:8:22-76
33
34    <permission
34-->[androidx.core:core:1.13.1] AndroidManifest.xml:22:5-24:47
35        android:name="com.sparkflows.karkhana_app.DYNAMIC_RECEIVER_NOT_EXPORTED_PERMISSION"
35-->[androidx.core:core:1.13.1] AndroidManifest.xml:23:9-81
36        android:protectionLevel="signature" />
36-->[androidx.core:core:1.13.1] AndroidManifest.xml:24:9-44
37
38    <uses-permission android:name="com.sparkflows.karkhana_app.DYNAMIC_RECEIVER_NOT_EXPORTED_PERMISSION" />
38-->[androidx.core:core:1.13.1] AndroidManifest.xml:26:5-97
38-->[androidx.core:core:1.13.1] AndroidManifest.xml:26:22-94
39
40    <application
41        android:name="android.app.Application"
41-->src/main/AndroidManifest.xml:4:9-42
42        android:appComponentFactory="androidx.core.app.CoreComponentFactory"
42-->[androidx.core:core:1.13.1] AndroidManifest.xml:28:18-86
43        android:extractNativeLibs="true"
44        android:icon="@mipmap/ic_launcher"
44-->src/main/AndroidManifest.xml:5:9-43
45        android:label="karkhana_app" >
45-->src/main/AndroidManifest.xml:3:9-37
46        <activity
46-->src/main/AndroidManifest.xml:6:9-27:20
47            android:name="com.sparkflows.karkhana_app.MainActivity"
47-->src/main/AndroidManifest.xml:7:13-41
48            android:configChanges="orientation|keyboardHidden|keyboard|screenSize|smallestScreenSize|locale|layoutDirection|fontScale|screenLayout|density|uiMode"
48-->src/main/AndroidManifest.xml:12:13-163
49            android:exported="true"
49-->src/main/AndroidManifest.xml:8:13-36
50            android:hardwareAccelerated="true"
50-->src/main/AndroidManifest.xml:13:13-47
51            android:launchMode="singleTop"
51-->src/main/AndroidManifest.xml:9:13-43
52            android:taskAffinity=""
52-->src/main/AndroidManifest.xml:10:13-36
53            android:theme="@style/LaunchTheme"
53-->src/main/AndroidManifest.xml:11:13-47
54            android:windowSoftInputMode="adjustResize" >
54-->src/main/AndroidManifest.xml:14:13-55
55
56            <!--
57                 Specifies an Android theme to apply to this Activity as soon as
58                 the Android process has started. This theme is visible to the user
59                 while the Flutter UI initializes. After that, this theme continues
60                 to determine the Window background behind the Flutter UI.
61            -->
62            <meta-data
62-->src/main/AndroidManifest.xml:19:13-22:17
63                android:name="io.flutter.embedding.android.NormalTheme"
63-->src/main/AndroidManifest.xml:20:15-70
64                android:resource="@style/NormalTheme" />
64-->src/main/AndroidManifest.xml:21:15-52
65
66            <intent-filter>
66-->src/main/AndroidManifest.xml:23:13-26:29
67                <action android:name="android.intent.action.MAIN" />
67-->src/main/AndroidManifest.xml:24:17-68
67-->src/main/AndroidManifest.xml:24:25-66
68
69                <category android:name="android.intent.category.LAUNCHER" />
69-->src/main/AndroidManifest.xml:25:17-76
69-->src/main/AndroidManifest.xml:25:27-74
70            </intent-filter>
71        </activity>
72        <!--
73             Don't delete the meta-data below.
74             This is used by the Flutter tool to generate GeneratedPluginRegistrant.java
75        -->
76        <meta-data
76-->src/main/AndroidManifest.xml:30:9-32:33
77            android:name="flutterEmbedding"
77-->src/main/AndroidManifest.xml:31:13-44
78            android:value="2" />
78-->src/main/AndroidManifest.xml:32:13-30
79
80        <service
80-->[:firebase_core] AndroidManifest.xml:8:9-12:19
81            android:name="com.google.firebase.components.ComponentDiscoveryService"
81-->[:firebase_core] AndroidManifest.xml:8:18-89
82            android:directBootAware="true"
82-->[com.google.firebase:firebase-common:21.0.0] AndroidManifest.xml:32:13-43
83            android:exported="false" >
83-->[com.google.firebase:firebase-common:21.0.0] AndroidManifest.xml:33:13-37
84            <meta-data
84-->[:firebase_core] AndroidManifest.xml:9:13-11:85
85                android:name="com.google.firebase.components:io.flutter.plugins.firebase.core.FlutterFirebaseCoreRegistrar"
85-->[:firebase_core] AndroidManifest.xml:10:17-124
86                android:value="com.google.firebase.components.ComponentRegistrar" />
86-->[:firebase_core] AndroidManifest.xml:11:17-82
87            <meta-data
87-->[com.google.firebase:firebase-common:21.0.0] AndroidManifest.xml:35:13-37:85
88                android:name="com.google.firebase.components:com.google.firebase.FirebaseCommonKtxRegistrar"
88-->[com.google.firebase:firebase-common:21.0.0] AndroidManifest.xml:36:17-109
89                android:value="com.google.firebase.components.ComponentRegistrar" />
89-->[com.google.firebase:firebase-common:21.0.0] AndroidManifest.xml:37:17-82
90        </service>
91        <service
91-->[:geolocator_android] AndroidManifest.xml:8:9-12:56
92            android:name="com.baseflow.geolocator.GeolocatorLocationService"
92-->[:geolocator_android] AndroidManifest.xml:9:13-77
93            android:enabled="true"
93-->[:geolocator_android] AndroidManifest.xml:10:13-35
94            android:exported="false"
94-->[:geolocator_android] AndroidManifest.xml:11:13-37
95            android:foregroundServiceType="location" />
95-->[:geolocator_android] AndroidManifest.xml:12:13-53
96        <service
96-->[:location] AndroidManifest.xml:11:9-15:56
97            android:name="com.lyokone.location.FlutterLocationService"
97-->[:location] AndroidManifest.xml:12:13-71
98            android:enabled="true"
98-->[:location] AndroidManifest.xml:13:13-35
99            android:exported="false"
99-->[:location] AndroidManifest.xml:14:13-37
100            android:foregroundServiceType="location" />
100-->[:location] AndroidManifest.xml:15:13-53
101
102        <activity
102-->[:url_launcher_android] AndroidManifest.xml:8:9-11:74
103            android:name="io.flutter.plugins.urllauncher.WebViewActivity"
103-->[:url_launcher_android] AndroidManifest.xml:9:13-74
104            android:exported="false"
104-->[:url_launcher_android] AndroidManifest.xml:10:13-37
105            android:theme="@android:style/Theme.NoTitleBar.Fullscreen" />
105-->[:url_launcher_android] AndroidManifest.xml:11:13-71
106
107        <uses-library
107-->[androidx.window:window:1.2.0] AndroidManifest.xml:23:9-25:40
108            android:name="androidx.window.extensions"
108-->[androidx.window:window:1.2.0] AndroidManifest.xml:24:13-54
109            android:required="false" />
109-->[androidx.window:window:1.2.0] AndroidManifest.xml:25:13-37
110        <uses-library
110-->[androidx.window:window:1.2.0] AndroidManifest.xml:26:9-28:40
111            android:name="androidx.window.sidecar"
111-->[androidx.window:window:1.2.0] AndroidManifest.xml:27:13-51
112            android:required="false" />
112-->[androidx.window:window:1.2.0] AndroidManifest.xml:28:13-37
113
114        <activity
114-->[com.google.android.gms:play-services-base:18.3.0] AndroidManifest.xml:20:9-22:45
115            android:name="com.google.android.gms.common.api.GoogleApiActivity"
115-->[com.google.android.gms:play-services-base:18.3.0] AndroidManifest.xml:20:19-85
116            android:exported="false"
116-->[com.google.android.gms:play-services-base:18.3.0] AndroidManifest.xml:22:19-43
117            android:theme="@android:style/Theme.Translucent.NoTitleBar" />
117-->[com.google.android.gms:play-services-base:18.3.0] AndroidManifest.xml:21:19-78
118
119        <provider
119-->[com.google.firebase:firebase-common:21.0.0] AndroidManifest.xml:23:9-28:39
120            android:name="com.google.firebase.provider.FirebaseInitProvider"
120-->[com.google.firebase:firebase-common:21.0.0] AndroidManifest.xml:24:13-77
121            android:authorities="com.sparkflows.karkhana_app.firebaseinitprovider"
121-->[com.google.firebase:firebase-common:21.0.0] AndroidManifest.xml:25:13-72
122            android:directBootAware="true"
122-->[com.google.firebase:firebase-common:21.0.0] AndroidManifest.xml:26:13-43
123            android:exported="false"
123-->[com.google.firebase:firebase-common:21.0.0] AndroidManifest.xml:27:13-37
124            android:initOrder="100" />
124-->[com.google.firebase:firebase-common:21.0.0] AndroidManifest.xml:28:13-36
125        <provider
125-->[androidx.lifecycle:lifecycle-process:2.7.0] AndroidManifest.xml:24:9-32:20
126            android:name="androidx.startup.InitializationProvider"
126-->[androidx.lifecycle:lifecycle-process:2.7.0] AndroidManifest.xml:25:13-67
127            android:authorities="com.sparkflows.karkhana_app.androidx-startup"
127-->[androidx.lifecycle:lifecycle-process:2.7.0] AndroidManifest.xml:26:13-68
128            android:exported="false" >
128-->[androidx.lifecycle:lifecycle-process:2.7.0] AndroidManifest.xml:27:13-37
129            <meta-data
129-->[androidx.lifecycle:lifecycle-process:2.7.0] AndroidManifest.xml:29:13-31:52
130                android:name="androidx.lifecycle.ProcessLifecycleInitializer"
130-->[androidx.lifecycle:lifecycle-process:2.7.0] AndroidManifest.xml:30:17-78
131                android:value="androidx.startup" />
131-->[androidx.lifecycle:lifecycle-process:2.7.0] AndroidManifest.xml:31:17-49
132            <meta-data
132-->[androidx.profileinstaller:profileinstaller:1.3.1] AndroidManifest.xml:29:13-31:52
133                android:name="androidx.profileinstaller.ProfileInstallerInitializer"
133-->[androidx.profileinstaller:profileinstaller:1.3.1] AndroidManifest.xml:30:17-85
134                android:value="androidx.startup" />
134-->[androidx.profileinstaller:profileinstaller:1.3.1] AndroidManifest.xml:31:17-49
135        </provider>
136
137        <meta-data
137-->[com.google.android.gms:play-services-basement:18.3.0] AndroidManifest.xml:21:9-23:69
138            android:name="com.google.android.gms.version"
138-->[com.google.android.gms:play-services-basement:18.3.0] AndroidManifest.xml:22:13-58
139            android:value="@integer/google_play_services_version" />
139-->[com.google.android.gms:play-services-basement:18.3.0] AndroidManifest.xml:23:13-66
140
141        <receiver
141-->[androidx.profileinstaller:profileinstaller:1.3.1] AndroidManifest.xml:34:9-52:20
142            android:name="androidx.profileinstaller.ProfileInstallReceiver"
142-->[androidx.profileinstaller:profileinstaller:1.3.1] AndroidManifest.xml:35:13-76
143            android:directBootAware="false"
143-->[androidx.profileinstaller:profileinstaller:1.3.1] AndroidManifest.xml:36:13-44
144            android:enabled="true"
144-->[androidx.profileinstaller:profileinstaller:1.3.1] AndroidManifest.xml:37:13-35
145            android:exported="true"
145-->[androidx.profileinstaller:profileinstaller:1.3.1] AndroidManifest.xml:38:13-36
146            android:permission="android.permission.DUMP" >
146-->[androidx.profileinstaller:profileinstaller:1.3.1] AndroidManifest.xml:39:13-57
147            <intent-filter>
147-->[androidx.profileinstaller:profileinstaller:1.3.1] AndroidManifest.xml:40:13-42:29
148                <action android:name="androidx.profileinstaller.action.INSTALL_PROFILE" />
148-->[androidx.profileinstaller:profileinstaller:1.3.1] AndroidManifest.xml:41:17-91
148-->[androidx.profileinstaller:profileinstaller:1.3.1] AndroidManifest.xml:41:25-88
149            </intent-filter>
150            <intent-filter>
150-->[androidx.profileinstaller:profileinstaller:1.3.1] AndroidManifest.xml:43:13-45:29
151                <action android:name="androidx.profileinstaller.action.SKIP_FILE" />
151-->[androidx.profileinstaller:profileinstaller:1.3.1] AndroidManifest.xml:44:17-85
151-->[androidx.profileinstaller:profileinstaller:1.3.1] AndroidManifest.xml:44:25-82
152            </intent-filter>
153            <intent-filter>
153-->[androidx.profileinstaller:profileinstaller:1.3.1] AndroidManifest.xml:46:13-48:29
154                <action android:name="androidx.profileinstaller.action.SAVE_PROFILE" />
154-->[androidx.profileinstaller:profileinstaller:1.3.1] AndroidManifest.xml:47:17-88
154-->[androidx.profileinstaller:profileinstaller:1.3.1] AndroidManifest.xml:47:25-85
155            </intent-filter>
156            <intent-filter>
156-->[androidx.profileinstaller:profileinstaller:1.3.1] AndroidManifest.xml:49:13-51:29
157                <action android:name="androidx.profileinstaller.action.BENCHMARK_OPERATION" />
157-->[androidx.profileinstaller:profileinstaller:1.3.1] AndroidManifest.xml:50:17-95
157-->[androidx.profileinstaller:profileinstaller:1.3.1] AndroidManifest.xml:50:25-92
158            </intent-filter>
159        </receiver>
160    </application>
161
162</manifest>